<?xml version="1.0" encoding="UTF-8" ?>
<testsuite tests="15" failures="0" name="test.java.com.mypackage.AVLTreeTest" time="0.008" errors="0" skipped="0">
  <properties>
    <property name="java.runtime.name" value="Java(TM) SE Runtime Environment"/>
    <property name="sun.boot.library.path" value="D:\Java\jdk1.8.0_202\jre\bin"/>
    <property name="java.vm.version" value="25.202-b08"/>
    <property name="java.vm.vendor" value="Oracle Corporation"/>
    <property name="maven.multiModuleProjectDirectory" value="D:\Users\ASUS\eclipse-workspace\avl"/>
    <property name="java.vendor.url" value="http://java.oracle.com/"/>
    <property name="path.separator" value=";"/>
    <property name="guice.disable.misplaced.annotation.check" value="true"/>
    <property name="java.vm.name" value="Java HotSpot(TM) 64-Bit Server VM"/>
    <property name="file.encoding.pkg" value="sun.io"/>
    <property name="user.script" value=""/>
    <property name="user.country" value="US"/>
    <property name="sun.java.launcher" value="SUN_STANDARD"/>
    <property name="sun.os.patch.level" value=""/>
    <property name="java.vm.specification.name" value="Java Virtual Machine Specification"/>
    <property name="user.dir" value="D:\Users\ASUS\eclipse-workspace\avl"/>
    <property name="java.runtime.version" value="1.8.0_202-b08"/>
    <property name="java.awt.graphicsenv" value="sun.awt.Win32GraphicsEnvironment"/>
    <property name="java.endorsed.dirs" value="D:\Java\jdk1.8.0_202\jre\lib\endorsed"/>
    <property name="os.arch" value="amd64"/>
    <property name="java.io.tmpdir" value="D:\Temp\"/>
    <property name="line.separator" value="
"/>
    <property name="java.vm.specification.vendor" value="Oracle Corporation"/>
    <property name="user.variant" value=""/>
    <property name="os.name" value="Windows 10"/>
    <property name="classworlds.conf" value="d:\apache\maven\bin\m2.conf"/>
    <property name="sun.jnu.encoding" value="Cp1252"/>
    <property name="java.library.path" value="D:\Java\jdk1.8.0_202\bin;C:\WINDOWS\Sun\Java\bin;C:\WINDOWS\system32;C:\WINDOWS;C:\Program Files\Microsoft MPI\Bin\;D:\Program Files (x86)\VMware\VMware Workstation\bin\;C:\WINDOWS\system32;C:\WINDOWS;C:\WINDOWS\System32\Wbem;C:\WINDOWS\System32\WindowsPowerShell\v1.0\;C:\WINDOWS\System32\OpenSSH\;C:\ProgramData\chocolatey\bin;C:\ProgramData\chocolatey\lib\gsudo\bin\;D:\ProgramData\Anaconda3\Library;D:\ProgramData\Anaconda3\Lib;D:\ProgramData\Anaconda3\Scripts;D:\ProgramData\Anaconda3;d:\Program Files\Java\jdk1.8.0_202;C:\Python310\;C:\Python310\Scripts\;d:\Program Files\page;D:\Program Files\nodejs\;D:\Program Files\Git\usr\bin;D:\Program Files\Git\cmd;D:\Program Files\Git\mingw64\bin;D:\Program Files\MATLAB\R2021b\runtime\win64;D:\Program Files\MATLAB\R2021b\bin;D:\Program Files (x86)\Microsoft SQL Server\150\DTS\Binn\;C:\Program Files (x86)\Subversion\bin;C:\Users\ASUS\scoop\shims;C:\Users\ASUS\AppData\Local\Microsoft\WindowsApps;D:\Users\ASUS\AppData\Local\Programs\Microsoft VS Code\bin;C:\Users\ASUS\AppData\Roaming\npm;D:\Java\jdk1.8.0_202\bin;D:\Program Files\Java\jre1.8.0_202\bin;D:\Program Files\CodeBlocks\MinGW\bin;D:\Program Files\Android\flutter\bin;D:\Program Files\Android\android-studio\bin;D:\Program Files\Java\jdk-17.0.1\bin;d:\Android\android_sdk\tools\bin;d:\Android\android_sdk\tools;d:\Android\android_sdk\platform-tools;D:\Program Files\Android\Android Studio\bin;C:\Users\ASUS\AppData\Local\Pub\Cache\bin;D:\maven\bin;D:\xampp\mysql\bin;D:\xampp\php;D:\apache\hive\bin;D:\apache\derby\bin;D:\apache\sqoop\bin;D:\apache\sqoop\lib;D:\apache\hbase\bin;D:\spring\bin;D:\spring\lib;D:\apache\flume\bin;D:\hadoop-2.8.0\bin;d:\hadoop-2.8.0\sbin;d:\hadoop-2.8.0\lib;D:\hadoop-2.8.0\share\hadoop\hdfs;D:\apache\pig\bin;D:\apache\pig\lib;d:\apache\ant\bin;D:\ProgramData\ffmpeg\bin;D:\Program Files\heroku\bin;D:\Program Files (x86)\Nmap;D:\Users\ASUS\AppData\Local\Programs\mongosh\;C:\Users\ASUS\AppData\Local\Microsoft\WindowsApps;d:\Program Files\R\R-4.1.2\bin;d:\Program Files\RStudio\bin\;d:\Program Files\R\R-4.1.2\library\;D:\Python27\;D:\Python27\Scripts;C:\Program Files\Azure Data Studio\bin;C:\Program Files\MongoDB\mongodb-database-tools\bin;d:\apache\maven\bin;."/>
    <property name="maven.conf" value="d:\apache\maven/conf"/>
    <property name="java.specification.name" value="Java Platform API Specification"/>
    <property name="java.class.version" value="52.0"/>
    <property name="sun.management.compiler" value="HotSpot 64-Bit Tiered Compilers"/>
    <property name="os.version" value="10.0"/>
    <property name="library.jansi.path" value="d:\apache\maven\lib\jansi-native"/>
    <property name="user.home" value="C:\Users\ASUS"/>
    <property name="user.timezone" value="Asia/Calcutta"/>
    <property name="java.awt.printerjob" value="sun.awt.windows.WPrinterJob"/>
    <property name="java.specification.version" value="1.8"/>
    <property name="file.encoding" value="Cp1252"/>
    <property name="user.name" value="ASUS"/>
    <property name="java.class.path" value="d:\apache\maven\boot\plexus-classworlds-2.6.0.jar"/>
    <property name="java.vm.specification.version" value="1.8"/>
    <property name="sun.arch.data.model" value="64"/>
    <property name="java.home" value="D:\Java\jdk1.8.0_202\jre"/>
    <property name="sun.java.command" value="org.codehaus.plexus.classworlds.launcher.Launcher clean verify"/>
    <property name="java.specification.vendor" value="Oracle Corporation"/>
    <property name="user.language" value="en"/>
    <property name="awt.toolkit" value="sun.awt.windows.WToolkit"/>
    <property name="java.vm.info" value="mixed mode"/>
    <property name="java.version" value="1.8.0_202"/>
    <property name="java.ext.dirs" value="D:\Java\jdk1.8.0_202\jre\lib\ext;C:\WINDOWS\Sun\Java\lib\ext"/>
    <property name="sun.boot.class.path" value="D:\Java\jdk1.8.0_202\jre\lib\resources.jar;D:\Java\jdk1.8.0_202\jre\lib\rt.jar;D:\Java\jdk1.8.0_202\jre\lib\sunrsasign.jar;D:\Java\jdk1.8.0_202\jre\lib\jsse.jar;D:\Java\jdk1.8.0_202\jre\lib\jce.jar;D:\Java\jdk1.8.0_202\jre\lib\charsets.jar;D:\Java\jdk1.8.0_202\jre\lib\jfr.jar;D:\Java\jdk1.8.0_202\jre\classes"/>
    <property name="sun.stderr.encoding" value="cp437"/>
    <property name="java.vendor" value="Oracle Corporation"/>
    <property name="maven.home" value="d:\apache\maven"/>
    <property name="file.separator" value="\"/>
    <property name="java.vendor.url.bug" value="http://bugreport.sun.com/bugreport/"/>
    <property name="sun.cpu.endian" value="little"/>
    <property name="sun.io.unicode.encoding" value="UnicodeLittle"/>
    <property name="sun.stdout.encoding" value="cp437"/>
    <property name="sun.desktop" value="windows"/>
    <property name="sun.cpu.isalist" value="amd64"/>
  </properties>
  <testcase classname="test.java.com.mypackage.AVLTreeTest" name="testFind2" time="0.008"/>
  <testcase classname="test.java.com.mypackage.AVLTreeTest" name="testFind3" time="0"/>
  <testcase classname="test.java.com.mypackage.AVLTreeTest" name="testFind4" time="0"/>
  <testcase classname="test.java.com.mypackage.AVLTreeTest" name="testFind5" time="0"/>
  <testcase classname="test.java.com.mypackage.AVLTreeTest" name="testFind6" time="0"/>
  <testcase classname="test.java.com.mypackage.AVLTreeTest" name="testRoot2" time="0"/>
  <testcase classname="test.java.com.mypackage.AVLTreeTest" name="testFind" time="0"/>
  <testcase classname="test.java.com.mypackage.AVLTreeTest" name="testRoot" time="0"/>
  <testcase classname="test.java.com.mypackage.AVLTreeTest" name="testTreeDelete" time="0"/>
  <testcase classname="test.java.com.mypackage.AVLTreeTest" name="testTreeBalance" time="0"/>
  <testcase classname="test.java.com.mypackage.AVLTreeTest" name="testTreeHeight" time="0"/>
  <testcase classname="test.java.com.mypackage.AVLTreeTest" name="testTreeInsert" time="0"/>
  <testcase classname="test.java.com.mypackage.AVLTreeTest" name="testTreeDelete2" time="0"/>
  <testcase classname="test.java.com.mypackage.AVLTreeTest" name="testTreeInsert2" time="0"/>
  <testcase classname="test.java.com.mypackage.AVLTreeTest" name="testTreeBalance2" time="0"/>
</testsuite>